C51 COMPILER V9.01   1602                                                                  09/29/2016 11:12:08 PAGE 1   


C51 COMPILER V9.01, COMPILATION OF MODULE 1602
OBJECT MODULE PLACED IN 1602.OBJ
COMPILER INVOKED BY: C:\Keil\C51\BIN\C51.EXE 1602.c BROWSE DEBUG OBJECTEXTEND

line level    source

   1          #include <reg52.h>
   2          #include <intrins.h>
   3          #define uint unsigned int
   4          #define uchar unsigned char
   5          uchar code table[]="iloveyou";
   6          uchar code table1[]="ilovemcu";
   7          sbit leden=P3^4;//EN
   8          sbit ledrs=P3^5;//RS
   9          sbit ledrw=P3^6;//RW
  10          sbit dula=P2^6;
  11          sbit wela=P2^7;
  12          uchar num;
  13          void delay(uint z){
  14   1              uint x,y;
  15   1              for(x=z;x>0;x--)
  16   1                      for(y=114;y>0;y--);
  17   1      }
  18          void write_com(uchar com){
  19   1              ledrs=0;
  20   1              //ledrw=0;
  21   1              P0=com;
  22   1              delay(5);
  23   1              leden=1;
  24   1              delay(5);
  25   1              leden=0;
  26   1      }
  27          void write_data(uchar date){
  28   1              ledrs=1;
  29   1              //ledrw=0;
  30   1              P0=date;
  31   1              delay(5);
  32   1              leden=1;
  33   1              delay(5);
  34   1              leden=0;
  35   1      }
  36          void init(){
  37   1              dula=0;
  38   1              wela=0;
  39   1              leden=0;
  40   1              ledrw=0;
  41   1              write_com(0x38);
  42   1              write_com(0x0c);
  43   1              write_com(0x06);
  44   1              write_com(0x01);
  45   1      }
  46          //main
  47          void main(){
  48   1              init();
  49   1              write_com(0x80);
  50   1              for(num=0;num<7;num++){
  51   2                      write_data(table[num]);
  52   2                      delay(5);
  53   2              }
  54   1              //change address
  55   1              write_com(0x80+0x40);
C51 COMPILER V9.01   1602                                                                  09/29/2016 11:12:08 PAGE 2   

  56   1              for(num=0;num<7;num++){
  57   2                      write_data(table1[num]);
  58   2                      delay(5);
  59   2              }
  60   1              while(1);
  61   1      }


MODULE INFORMATION:   STATIC OVERLAYABLE
   CODE SIZE        =    154    ----
   CONSTANT SIZE    =     18    ----
   XDATA SIZE       =   ----    ----
   PDATA SIZE       =   ----    ----
   DATA SIZE        =      1    ----
   IDATA SIZE       =   ----    ----
   BIT SIZE         =   ----    ----
END OF MODULE INFORMATION.


C51 COMPILATION COMPLETE.  0 WARNING(S),  0 ERROR(S)
