C51 COMPILER V9.00   ULTRASOUND                                                            10/27/2016 13:20:43 PAGE 1   


C51 COMPILER V9.00, COMPILATION OF MODULE ULTRASOUND
OBJECT MODULE PLACED IN .\Objects\ultrasound.obj
COMPILER INVOKED BY: C:\Keil_v5\C51\BIN\C51.EXE ultrasound.c OPTIMIZE(8,SPEED) BROWSE DEBUG OBJECTEXTEND PRINT(.\Listing
                    -s\ultrasound.lst) TABS(2) OBJECT(.\Objects\ultrasound.obj)

line level    source

   1          /**
   2          *超声波模块的使用练习
   3          *Trig接P2^0,Echo接P2^1
   4          */
   5          #include <reg52.h>
   6          #include <intrins.h>
   7          #define uint unsigned int
   8          #define uchar unsigned char
   9          #define ulong unsigned long
  10          sbit trig=P2^0;
  11          sbit echo=P2^1;
  12          
  13          sbit dula=P2^6;
  14          sbit wela=P2^7;
  15          
  16          sbit feng=P2^3;
  17          
  18          //lcd1602
  19          sbit lcden=P3^4;//EN
  20          sbit lcdrs=P3^5;//RS
  21          sbit lcdrw=P3^6;//RW
  22          
  23          uint successful;
  24          uint count;//定时器溢出的次数
  25          uint time;//echo输出的高电平持续的时间
  26          ulong distance;
  27          uint bai,shi,ge;
  28          uchar code table[]="0123456789";
  29          uchar code tips[]="DISTANCE:";
  30          uchar code nothing[]="NOTHING GET";
  31          //函数库
  32          void delayms(uint);
  33          void startModule();
  34          void display(uchar);
  35          void calculate_distance();
  36          void ultrasound_module_init();
  37          void timer1_init();
  38          void write_data(uchar);
  39          void write_com(uchar);
  40          void lcd_show();
  41          //
  42          void delayms(uint time){
  43   1        uint x,y;
  44   1        for(x=time;x>0;x--)
  45   1           for(y=110;y>0;y--);
  46   1      }
  47          void startModule(){
  48   1        trig=1;
  49   1        //delay_20us();//延时20us
  50   1           _nop_(); 
  51   1          _nop_(); 
  52   1          _nop_(); 
  53   1          _nop_(); 
  54   1          _nop_(); 
C51 COMPILER V9.00   ULTRASOUND                                                            10/27/2016 13:20:43 PAGE 2   

  55   1          _nop_(); 
  56   1          _nop_(); 
  57   1          _nop_(); 
  58   1          _nop_(); 
  59   1          _nop_(); 
  60   1          _nop_(); 
  61   1          _nop_(); 
  62   1          _nop_(); 
  63   1          _nop_(); 
  64   1          _nop_(); 
  65   1          _nop_(); 
  66   1          _nop_();
  67   1          _nop_(); 
  68   1          _nop_(); 
  69   1          _nop_(); 
  70   1          _nop_();
  71   1          trig=0;
  72   1      }
  73          /*数码管显示
  74          void display(uint b,uint s,uint g){
  75            delayms(5);
  76            dula=1;
  77            P0=table[b];
  78            dula=0;
  79            
  80            P0=0xff;
  81            wela=1;
  82            P0=0xfe;
  83            wela=0;
  84            delayms(5);
  85            
  86            dula=1;
  87            P0=table[s];
  88            dula=0;
  89            
  90            P0=0xff;
  91            wela=1;
  92            P0=0xfd;
  93            wela=0;
  94            delayms(5);
  95            
  96            dula=1;
  97            P0=table[g];
  98            dula=0;
  99            
 100            P0=0xff;
 101            wela=1;
 102            P0=0xfb;
 103            wela=0;
 104            delayms(5);
 105          }*/
 106          //LCD1602显示
 107          void display(uchar dis){
 108   1        if(dis==0){
 109   2          uint num;
 110   2          for(num=0;num<11;num++){
 111   3            write_data(nothing[num]);
 112   3            delayms(5);
 113   3          }
 114   2        }else if(dis==1){
 115   2          if(distance<=10){
 116   3            feng=0;
C51 COMPILER V9.00   ULTRASOUND                                                            10/27/2016 13:20:43 PAGE 3   

 117   3          }else{
 118   3            feng=1;
 119   3          }
 120   2          bai=distance/100;
 121   2          shi=distance%100/10;
 122   2          ge=distance%100%10;
 123   2          write_data(table[bai]);
 124   2          write_data(table[shi]);
 125   2          write_data(table[ge]);
 126   2          write_data(' ');
 127   2          write_data('c');
 128   2          write_data('m');
 129   2        }
 130   1        
 131   1      }
 132          void calculate_distance(){
 133   1        time=TH1*256+TL1;//读出计时器中的值来计算距离
 134   1        time+=count*65536;
 135   1        //重新装入初值，计数
 136   1        TH1=0;
 137   1        TL1=0;
 138   1        distance=(time*1.7)/100;//单位是厘米
 139   1        if(distance>100 || successful==0){
 140   2          distance=0;//不接收数据
 141   2        }else{
 142   2          display(1);
 143   2        }
 144   1      }
 145          void ultrasound_module_init(){
 146   1        //trig echo都拉低电平
 147   1        trig=0;
 148   1        echo=0;
 149   1      }
 150          void timer1_init(){
 151   1        TMOD=0x10;//定时器1
 152   1        EA=1;
 153   1        TH1=0;
 154   1        TL1=0;
 155   1      }
 156          
 157          void lcd_init(){
 158   1        dula=0;
 159   1        wela=0;
 160   1        lcden=0;
 161   1        lcdrw=0;
 162   1        write_com(0x38);
 163   1        write_com(0x0c);
 164   1        write_com(0x06);
 165   1        write_com(0x01);
 166   1      }
 167          void write_com(uchar com){
 168   1        lcdrs=0;
 169   1        //ledrw=0;
 170   1        P0=com;
 171   1        delayms(5);
 172   1        lcden=1;
 173   1        delayms(5);
 174   1        lcden=0;
 175   1      }
 176          void write_data(uchar dat){
 177   1        lcdrs=1;
 178   1        //ledrw=0;
C51 COMPILER V9.00   ULTRASOUND                                                            10/27/2016 13:20:43 PAGE 4   

 179   1        P0=dat;
 180   1        delayms(5);
 181   1        lcden=1;
 182   1        delayms(5);
 183   1        lcden=0;
 184   1      }
 185          void lcd_show(){
 186   1        uint num;
 187   1        write_com(0x80);
 188   1        for(num=0;num<9;num++){
 189   2          write_data(tips[num]);
 190   2          delayms(5);
 191   2        }
 192   1      }
 193          
 194          void main(){
 195   1        lcd_init();
 196   1        successful=0;
 197   1        ultrasound_module_init();
 198   1        timer1_init();
 199   1        //echo从低电平变成了高电平，接下来根据高电平持续的时间来计算距离
 200   1        //echo高电平持续时间和距离成正比
 201   1        while(1){
 202   2          //开始送20us高电平
 203   2          lcd_show();
 204   2          startModule();
 205   2          while(!echo);//等待高电平来临，启动计时器
 206   2          TR1=1;
 207   2          while(echo);//等待高电平结束，关闭计时器
 208   2          TR1=0;
 209   2          successful=1;//高电平输出完成，成功
 210   2          calculate_distance();//计算距离
 211   2          delayms(10);//延时10ms再进行下次测距
 212   2        }
 213   1      }
 214          //中断服务程序
 215          void timer1() interrupt 1{
 216   1        count++;
 217   1        TH1=0;
 218   1        TL1=0;
 219   1      }


MODULE INFORMATION:   STATIC OVERLAYABLE
   CODE SIZE        =    568    ----
   CONSTANT SIZE    =     33    ----
   XDATA SIZE       =   ----    ----
   PDATA SIZE       =   ----    ----
   DATA SIZE        =     16       3
   IDATA SIZE       =   ----    ----
   BIT SIZE         =   ----    ----
END OF MODULE INFORMATION.


C51 COMPILATION COMPLETE.  0 WARNING(S),  0 ERROR(S)
