C51 COMPILER V9.00   PWMLED                                                                11/08/2016 18:48:49 PAGE 1   


C51 COMPILER V9.00, COMPILATION OF MODULE PWMLED
OBJECT MODULE PLACED IN .\Objects\pwmled.obj
COMPILER INVOKED BY: D:\Program Files\Keil5\C51\BIN\C51.EXE pwmled.c OPTIMIZE(8,SPEED) BROWSE DEBUG OBJECTEXTEND PRINT(.
                    -\Listings\pwmled.lst) TABS(2) OBJECT(.\Objects\pwmled.obj)

line level    source

*** WARNING C500 IN LINE 1 OF PWMLED.C: LICENSE ERROR (R208: RENEW LICENSE ID CODE (LIC))

   1          /**
   2          *产生1000Hz,周期为1ms的pwm波
   3          */
   4          #include <reg52.h>
   5          #define uint unsigned int
   6          #define uchar unsigned char
   7          sbit pwm_up=P3^0;
   8          sbit pwm_down=P3^1;
   9          
  10          sbit dula=P2^6;
  11          sbit wela=P2^7;
  12          
  13          //sbit led1=P1^0;
  14          //sbit led_show=P1^1;
  15          
  16          sbit pwm1=P1^0;
  17          sbit pwm2=P1^1;
  18          sbit pwm3=P1^2;
  19          uint count=0;
  20          uint count1=0;
  21          uint pwm_rate=0;
  22          
  23          void delayms(uint z)
  24          {
  25   1        uint x,y;
  26   1        for(x=z;x>0;x--)
  27   1           for(y=120;y>0;y--);
  28   1      }
  29          void main(){
  30   1        TMOD=0x01;
  31   1        TH0=(65536-10)/256;
  32   1        TL0=(65536-10)%256;
  33   1        TR0=1;
  34   1        ET0=1;
  35   1        EA=1;
  36   1        P1=0xff;
  37   1        pwm_rate=50;
  38   1        while(1){
  39   2          if(!pwm_up){
  40   3            if(pwm_rate<100){
  41   4              pwm_rate+=10;
  42   4            }
  43   3            if(pwm_rate==100){
  44   4              pwm_rate=0;
  45   4            }
  46   3            delayms(5);
  47   3          }
  48   2          if(!pwm_down){
  49   3            if(pwm_rate>0){
  50   4              pwm_rate-=10;
  51   4            }
  52   3            if(pwm_rate==0){
  53   4              pwm_rate=90;
C51 COMPILER V9.00   PWMLED                                                                11/08/2016 18:48:49 PAGE 2   

  54   4            }
  55   3            delayms(5);
  56   3          }
  57   2        }
  58   1      }
  59          void timer0() interrupt 1{
  60   1        TH0=(65536-10)/256;
  61   1        TL0=(65536-10)%256;
  62   1        count++;//0.01ms溢出一次
  63   1        count1++;
  64   1        if(count<=pwm_rate){//10%占空比
  65   2          pwm1=1;
  66   2        }else{
  67   2          pwm1=0;
  68   2        }
  69   1        if(count>=100){
  70   2          count=0;
  71   2        }
  72   1        
  73   1        if(count1<=80){//80%占空比
  74   2          pwm3=1;
  75   2        }else{
  76   2          pwm3=0;
  77   2        }
  78   1        if(count1>=100){
  79   2          count1=0;
  80   2        }
  81   1        pwm2=0;
  82   1      }


MODULE INFORMATION:   STATIC OVERLAYABLE
   CODE SIZE        =    245    ----
   CONSTANT SIZE    =   ----    ----
   XDATA SIZE       =   ----    ----
   PDATA SIZE       =   ----    ----
   DATA SIZE        =      6    ----
   IDATA SIZE       =   ----    ----
   BIT SIZE         =   ----    ----
END OF MODULE INFORMATION.


C51 COMPILATION COMPLETE.  1 WARNING(S),  0 ERROR(S)
