C51 COMPILER V9.01   MAIN                                                                  09/27/2016 22:26:47 PAGE 1   


C51 COMPILER V9.01, COMPILATION OF MODULE MAIN
OBJECT MODULE PLACED IN main.OBJ
COMPILER INVOKED BY: C:\Keil\C51\BIN\C51.EXE main.c BROWSE DEBUG OBJECTEXTEND

line level    source

   1          #include <reg52.h>
   2          //#include <intrins.h>
   3          #define uint unsigned int
   4          #define uchar unsigned char
   5          uchar num;
   6          //main
   7          /*void delayms(uint z){
   8              uint x,y;
   9                  for(x<z;x>0;x--)
  10                      for(y=114;y>0;y--);
  11          }*/
  12          void UART_init(){
  13   1          TMOD=0x20;//T1工作在方式2
  14   1              TH1=0xfd;
  15   1              TL1=0xfd;  //比特率为9600
  16   1              TR1=1;    //启动T1定时器
  17   1              SM0=0;    //
  18   1              SM1=1;    //串口工作在方式1
  19   1              REN=1;    //串口允许接收位
  20   1              EA=1;     //开总中断
  21   1              ES=1;     //串口中断打开
  22   1      }
  23          void main(){
  24   1              UART_init();
  25   1              while(1);
  26   1                      //{
  27   1                      //SBUF=num;
  28   1                      
  29   1                      //while(!RI);
  30   1                      //P1=SBUF;
  31   1                      //RI=0;
  32   1                      //num++;
  33   1                      //delayms(5000);
  34   1              //}
  35   1      }
  36          void UART() interrupt 4{
  37   1              // if (TI)
  38   1              // {
  39   1              //      SBUF=num;
  40   1              //      TI=0;
  41   1              // }
  42   1              if (RI)  //检测是否接收完成
  43   1              {
  44   2                      num=SBUF;  //num取出接收
  45   2                      P1=SBUF;
  46   2                      num++;
  47   2                      RI=0;
  48   2                      SBUF=num;
  49   2                      while(!TI);
  50   2                      TI=0;
  51   2              }
  52   1      }


MODULE INFORMATION:   STATIC OVERLAYABLE
C51 COMPILER V9.01   MAIN                                                                  09/27/2016 22:26:47 PAGE 2   

   CODE SIZE        =     49    ----
   CONSTANT SIZE    =   ----    ----
   XDATA SIZE       =   ----    ----
   PDATA SIZE       =   ----    ----
   DATA SIZE        =      1    ----
   IDATA SIZE       =   ----    ----
   BIT SIZE         =   ----    ----
END OF MODULE INFORMATION.


C51 COMPILATION COMPLETE.  0 WARNING(S),  0 ERROR(S)
