C51 COMPILER V9.00   HONGWAI                                                               11/29/2016 21:18:34 PAGE 1   


C51 COMPILER V9.00, COMPILATION OF MODULE HONGWAI
OBJECT MODULE PLACED IN .\Objects\hongwai.obj
COMPILER INVOKED BY: D:\Program Files\Keil5\C51\BIN\C51.EXE hongwai.c OPTIMIZE(8,SPEED) BROWSE DEBUG OBJECTEXTEND PRINT(
                    -.\Listings\hongwai.lst) TABS(2) OBJECT(.\Objects\hongwai.obj)

line level    source

*** WARNING C500 IN LINE 1 OF HONGWAI.C: LICENSE ERROR (R208: RENEW LICENSE ID CODE (LIC))

   1          #include <reg52.h>
   2          #define uint unsigned int
   3          #define uchar unsigned char
   4          uint temp,qian,bai,shi,ge,aa,n;
   5          sbit dula=P2^6;
   6          sbit wela=P2^7;
   7          sbit outint=P3^2;//外部中断从这里引入
   8          uchar code table[]={ 
   9                          0x3F,  //"0"
  10                          0x06,  //"1"
  11                          0x5B,  //"2"
  12                          0x4F,  //"3"
  13                          0x66,  //"4"
  14                          0x6D,  //"5"
  15                          0x7D,  //"6"
  16                          0x07,  //"7"
  17                          0x7F,  //"8"
  18                          0x6F  //"9"
  19          };
  20          void delayms(uint time){
  21   1        uint x,y;
  22   1        for(x=time;x>0;x--)
  23   1          for(y=110;y>0;y--);
  24   1      }
  25          void display(uint qian,uint bai,uint shi,uint ge){
  26   1        dula=1;
  27   1        P0=table[qian];
  28   1        dula=0;
  29   1        P0=0xff;
  30   1        wela=1;
  31   1        P0=0xfe;
  32   1        wela=0;
  33   1        delayms(5);
  34   1        
  35   1        dula=1;
  36   1        P0=table[bai];
  37   1        dula=0;
  38   1        P0=0xff;
  39   1        wela=1;
  40   1        P0=0xfd;
  41   1        wela=0;
  42   1        delayms(5);
  43   1        
  44   1        dula=1;
  45   1        P0=table[shi];
  46   1        dula=0;
  47   1        P0=0xff;
  48   1        wela=1;
  49   1        P0=0xfb;
  50   1        wela=0;
  51   1        delayms(5);
  52   1        
  53   1        dula=1;
C51 COMPILER V9.00   HONGWAI                                                               11/29/2016 21:18:34 PAGE 2   

  54   1        P0=table[ge];
  55   1        dula=0;
  56   1        P0=0xff;
  57   1        wela=1;
  58   1        P0=0xf7;
  59   1        wela=0;
  60   1        delayms(5);
  61   1      }
  62          void init(){
  63   1        dula=0;
  64   1        wela=0;
  65   1        temp=0;
  66   1        TMOD=0x01;//定时器0工作模式1
  67   1        TCON|=0x03;
  68   1        TH0=(65536-50000)/256;
  69   1        TL0=(65536-80000)%256;
  70   1        EA=1;
  71   1        ET0=1;
  72   1        TR0=1;
  73   1      }
  74          void main(){
  75   1        EA=1;
  76   1        EX0=1;
  77   1        init();
  78   1        while(1){
  79   2          display(qian,bai,shi,ge);
  80   2          //display(1,2,5,6);
  81   2        }
  82   1      }
  83          void out1() interrupt 0{
  84   1        n++;//高电平的个数
  85   1        while(outint==0);
  86   1      }
  87          void timer0() interrupt 1{
  88   1        TH0=(65536-50000)/256;
  89   1        TL0=(65536-80000)%256;
  90   1        aa++;
  91   1        if(aa==20){
  92   2          aa=0;
  93   2          temp=5*n;
  94   2          n=0;
  95   2          qian=temp/1000;
  96   2          bai=temp%1000/100;
  97   2          shi=temp%100/10;
  98   2          ge=temp%10;
  99   2        }
 100   1      }


MODULE INFORMATION:   STATIC OVERLAYABLE
   CODE SIZE        =    363    ----
   CONSTANT SIZE    =     10    ----
   XDATA SIZE       =   ----    ----
   PDATA SIZE       =   ----    ----
   DATA SIZE        =     14       8
   IDATA SIZE       =   ----    ----
   BIT SIZE         =   ----    ----
END OF MODULE INFORMATION.


C51 COMPILATION COMPLETE.  1 WARNING(S),  0 ERROR(S)
