C51 COMPILER V9.00   INTERRUPT1                                                            11/04/2016 10:49:12 PAGE 1   


C51 COMPILER V9.00, COMPILATION OF MODULE INTERRUPT1
OBJECT MODULE PLACED IN .\Objects\interrupt1.obj
COMPILER INVOKED BY: D:\Program Files\Keil5\C51\BIN\C51.EXE interrupt1.c OPTIMIZE(8,SPEED) BROWSE DEBUG OBJECTEXTEND PRI
                    -NT(.\Listings\interrupt1.lst) TABS(2) OBJECT(.\Objects\interrupt1.obj)

line level    source

*** WARNING C500 IN LINE 1 OF INTERRUPT1.C: LICENSE ERROR (R208: RENEW LICENSE ID CODE (LIC))

   1          #include <reg52.h>
   2          #define uint unsigned int
   3          #define uchar unsigned char
   4          sbit int0=P3^4;
   5          sbit btn1=P3^0;
   6          sbit led0=P1^0;
   7          sbit feng=P2^3;
   8          uchar count;
   9          void delayms(uint time){
  10   1        uint x,y;
  11   1        for(x=time;x>0;x--)
  12   1          for(y=110;y>0;y--);
  13   1      }
  14          void main(){
  15   1        TMOD=0x05;
  16   1        TR0=1;
  17   1        EA=1;
  18   1        ET0=1;
  19   1        while(1){
  20   2          int0=btn1;
  21   2          if(TL0==5){
  22   3            feng=0;
  23   3          }
  24   2        }
  25   1      }


MODULE INFORMATION:   STATIC OVERLAYABLE
   CODE SIZE        =     52    ----
   CONSTANT SIZE    =   ----    ----
   XDATA SIZE       =   ----    ----
   PDATA SIZE       =   ----    ----
   DATA SIZE        =      1    ----
   IDATA SIZE       =   ----    ----
   BIT SIZE         =   ----    ----
END OF MODULE INFORMATION.


C51 COMPILATION COMPLETE.  1 WARNING(S),  0 ERROR(S)
