C51 COMPILER V9.01   MAIN                                                                  09/26/2016 10:42:36 PAGE 1   


C51 COMPILER V9.01, COMPILATION OF MODULE MAIN
OBJECT MODULE PLACED IN main.OBJ
COMPILER INVOKED BY: C:\Keil\C51\BIN\C51.EXE main.c BROWSE DEBUG OBJECTEXTEND

line level    source

   1          #include <reg52.h>
   2          #include <stdio.h>         
   3          
   4          //#define MAIN_Fosc 11059200UL //11.0592MHz
   5          //#define uint unsigned int
   6          //#define uchar unsigned char
   7          //main
   8          void main(){
   9   1          while(1){
  10   2                      TI=1;
  11   2                  printf("´ó¼ÒºÃ");       
  12   2              }
  13   1      
  14   1        
  15   1      }


MODULE INFORMATION:   STATIC OVERLAYABLE
   CODE SIZE        =     13    ----
   CONSTANT SIZE    =      7    ----
   XDATA SIZE       =   ----    ----
   PDATA SIZE       =   ----    ----
   DATA SIZE        =   ----    ----
   IDATA SIZE       =   ----    ----
   BIT SIZE         =   ----    ----
END OF MODULE INFORMATION.


C51 COMPILATION COMPLETE.  0 WARNING(S),  0 ERROR(S)
