C51 COMPILER V9.00   BUZZ                                                                  10/25/2016 21:16:01 PAGE 1   


C51 COMPILER V9.00, COMPILATION OF MODULE BUZZ
OBJECT MODULE PLACED IN .\Objects\buzz.obj
COMPILER INVOKED BY: C:\Keil_v5\C51\BIN\C51.EXE buzz.c OPTIMIZE(8,SPEED) BROWSE DEBUG OBJECTEXTEND PRINT(.\Listings\buzz
                    -.lst) TABS(2) OBJECT(.\Objects\buzz.obj)

line level    source

   1          #include <reg52.h>
   2          #define uint unsigned int
   3          #define uchar unsigned char
   4          //定义蜂鸣器
   5          sbit buzz=P2^3;
   6          sbit led1=P1^0;
   7          sbit led2=P1^1;
   8          //延时函数
   9          void delayms(uint time);
  10          
  11          void delayms(uint time){
  12   1        uint x,y;
  13   1        for(x=time;x>0;x--)
  14   1           for(y=110;y>0;y--);
  15   1      }
  16          void main(){
  17   1        //大循环
  18   1        while(1){
  19   2          buzz=0;
  20   2          delayms(3000);
  21   2          buzz=1;
  22   2          delayms(3000);
  23   2        }
  24   1      }


MODULE INFORMATION:   STATIC OVERLAYABLE
   CODE SIZE        =     50    ----
   CONSTANT SIZE    =   ----    ----
   XDATA SIZE       =   ----    ----
   PDATA SIZE       =   ----    ----
   DATA SIZE        =   ----    ----
   IDATA SIZE       =   ----    ----
   BIT SIZE         =   ----    ----
END OF MODULE INFORMATION.


C51 COMPILATION COMPLETE.  0 WARNING(S),  0 ERROR(S)
